Arguments: 
  /home/rodrigo/.nvm/versions/node/v16.14.2/bin/node /usr/local/bin/yarn install

PATH: 
  /home/rodrigo/.nvm/versions/node/v16.14.2/bin:/home/rodrigo/.local/bin:/usr/local/sbin:/usr/local/bin:/usr/sbin:/usr/bin:/sbin:/bin:/usr/games:/usr/local/games:/snap/bin:/snap/bin:/opt/jdk-14/bin:/opt/jdk-14/bin:/usr/bin/java/bin:/home/rodrigo/Library/Android/sdk/emulator:/home/rodrigo/Library/Android/sdk/platform-tools

Yarn version: 
  1.22.18

Node version: 
  16.14.2

Platform: 
  linux x64

Trace: 
  Error: https://registry.yarnpkg.com/@react-native-webview: Request "https://registry.yarnpkg.com/@react-native-webview" returned a 405
      at Request.params.callback [as _callback] (/usr/local/lib/node_modules/yarn/lib/cli.js:66147:18)
      at Request.self.callback (/usr/local/lib/node_modules/yarn/lib/cli.js:140883:22)
      at Request.emit (node:events:526:28)
      at Request.<anonymous> (/usr/local/lib/node_modules/yarn/lib/cli.js:141855:10)
      at Request.emit (node:events:526:28)
      at IncomingMessage.<anonymous> (/usr/local/lib/node_modules/yarn/lib/cli.js:141777:12)
      at Object.onceWrapper (node:events:645:28)
      at IncomingMessage.emit (node:events:538:35)
      at endReadableNT (node:internal/streams/readable:1345:12)
      at processTicksAndRejections (node:internal/process/task_queues:83:21)

npm manifest: 
  {
    "name": "mrotractian",
    "version": "1.0.0",
    "main": "node_modules/expo/AppEntry.js",
    "scripts": {
      "start": "expo start",
      "android": "expo start --android",
      "ios": "expo start --ios",
      "web": "expo start --web",
      "eject": "expo eject",
      "test": "jest --watchAll"
    },
    "jest": {
      "preset": "jest-expo"
    },
    "dependencies": {
      "@ant-design/colors": "^6.0.0",
      "@ant-design/icons": "^4.7.0",
      "@ant-design/icons-react-native": "^2.3.2",
      "@ant-design/react-native": "^5.0.0",
      "@expo-google-fonts/roboto": "^0.2.2",
      "@expo/vector-icons": "^13.0.0",
      "@fortawesome/fontawesome-svg-core": "^6.1.1",
      "@fortawesome/free-solid-svg-icons": "^6.1.1",
      "@fortawesome/react-native-fontawesome": "^0.3.0",
      "@highcharts/highcharts-react-native": "^3.1.7",
          "@react-native-webview": "11.14.4",
      "@react-native-community/cameraroll": "^4.1.2",
      "@react-native-community/picker": "^1.8.1",
      "@react-native-community/segmented-control": "^2.2.2",
      "@react-native-community/slider": "4.2.1",
      "@react-native-community/viewpager": "^5.0.11",
      "@react-navigation/bottom-tabs": "^6.0.5",
      "@react-navigation/native": "^6.0.2",
      "@react-navigation/native-stack": "^6.1.0",
      "axios": "^0.27.2",
      "classnames": "^2.3.1",
      "expo": "~45.0.0",
      "expo-asset": "~8.5.0",
      "expo-constants": "~13.1.1",
      "expo-font": "~10.1.0",
      "expo-linear-gradient": "~11.3.0",
      "expo-linking": "~3.1.0",
      "expo-splash-screen": "~0.15.1",
      "expo-status-bar": "~1.3.0",
      "expo-system-ui": "~1.2.0",
      "expo-web-browser": "~10.2.0",
      "rc-util": "^5.22.0",
      "react": "17.0.2",
      "react-dom": "17.0.2",
      "react-native": "0.68.2",
      "react-native-gesture-handler": "~2.2.1",
      "react-native-safe-area-context": "4.2.4",
      "react-native-screens": "~3.11.1",
      "react-native-svg": "^12.3.0",
      "react-native-web": "0.17.7"
    },
    "devDependencies": {
      "@babel/core": "^7.12.9",
      "@types/react": "~17.0.21",
      "@types/react-native": "~0.66.13",
      "jest": "^26.6.3",
      "jest-expo": "~45.0.0",
      "react-test-renderer": "17.0.2",
      "typescript": "~4.3.5"
    },
    "private": true
  }

yarn manifest: 
  No manifest

Lockfile: 
  No lockfile
